Crashlog created at 2013-10-09 06:25:42 -0600

===== MESSAGE:

NoMethodError: undefined method `compiled_content' for nil:NilClass

===== COMPILATION STACK:

  - [item]   /publications/ (rep default)

===== STACK TRACE:

  0. item /publications/ (rep default):11:in `get_binding'
  1. /home/cwl/.rvm/rubies/ruby-2.0.0-p195/lib/ruby/2.0.0/erb.rb:849:in `eval'
  2. /home/cwl/.rvm/rubies/ruby-2.0.0-p195/lib/ruby/2.0.0/erb.rb:849:in `result'
  3. /home/cwl/.rvm/gems/ruby-2.0.0-p195@thecwlzone-website-nanoc/gems/nanoc-3.6.4/lib/nanoc/filters/erb.rb:34:in `run'
  4. /home/cwl/.rvm/gems/ruby-2.0.0-p195@thecwlzone-website-nanoc/gems/nanoc-3.6.4/lib/nanoc/base/compilation/filter.rb:122:in `setup_and_run'
  5. /home/cwl/.rvm/gems/ruby-2.0.0-p195@thecwlzone-website-nanoc/gems/nanoc-3.6.4/lib/nanoc/base/result_data/item_rep.rb:344:in `filter'
  6. /home/cwl/.rvm/gems/ruby-2.0.0-p195@thecwlzone-website-nanoc/gems/nanoc-3.6.4/lib/nanoc/base/compilation/item_rep_proxy.rb:47:in `filter'
  7. /home/cwl/.rvm/gems/ruby-2.0.0-p195@thecwlzone-website-nanoc/gems/nanoc-3.6.4/lib/nanoc/base/compilation/rule_context.rb:55:in `filter'
  8. ./rules.rb:64:in `block in load'
  9. /home/cwl/.rvm/gems/ruby-2.0.0-p195@thecwlzone-website-nanoc/gems/nanoc-3.6.4/lib/nanoc/base/compilation/rule.rb:68:in `instance_eval'
  10. /home/cwl/.rvm/gems/ruby-2.0.0-p195@thecwlzone-website-nanoc/gems/nanoc-3.6.4/lib/nanoc/base/compilation/rule.rb:68:in `apply_to'
  11. /home/cwl/.rvm/gems/ruby-2.0.0-p195@thecwlzone-website-nanoc/gems/nanoc-3.6.4/lib/nanoc/base/compilation/compiler.rb:384:in `compile_rep'
  12. /home/cwl/.rvm/gems/ruby-2.0.0-p195@thecwlzone-website-nanoc/gems/nanoc-3.6.4/lib/nanoc/base/compilation/compiler.rb:340:in `block in compile_reps'
  13. /home/cwl/.rvm/gems/ruby-2.0.0-p195@thecwlzone-website-nanoc/gems/nanoc-3.6.4/lib/nanoc/base/compilation/compiler.rb:333:in `loop'
  14. /home/cwl/.rvm/gems/ruby-2.0.0-p195@thecwlzone-website-nanoc/gems/nanoc-3.6.4/lib/nanoc/base/compilation/compiler.rb:333:in `compile_reps'
  15. /home/cwl/.rvm/gems/ruby-2.0.0-p195@thecwlzone-website-nanoc/gems/nanoc-3.6.4/lib/nanoc/base/compilation/compiler.rb:89:in `run'
  16. /home/cwl/.rvm/gems/ruby-2.0.0-p195@thecwlzone-website-nanoc/gems/nanoc-3.6.4/lib/nanoc/base/source_data/site.rb:58:in `compile'
  17. /home/cwl/.rvm/gems/ruby-2.0.0-p195@thecwlzone-website-nanoc/gems/nanoc-3.6.4/lib/nanoc/cli/commands/compile.rb:363:in `block in run'
  18. /home/cwl/.rvm/gems/ruby-2.0.0-p195@thecwlzone-website-nanoc/gems/nanoc-3.6.4/lib/nanoc/cli/commands/compile.rb:404:in `run_listeners_while'
  19. /home/cwl/.rvm/gems/ruby-2.0.0-p195@thecwlzone-website-nanoc/gems/nanoc-3.6.4/lib/nanoc/cli/commands/compile.rb:362:in `run'
  20. /home/cwl/.rvm/gems/ruby-2.0.0-p195@thecwlzone-website-nanoc/gems/nanoc-3.6.4/lib/nanoc/cli/command_runner.rb:14:in `block in call'
  21. /home/cwl/.rvm/gems/ruby-2.0.0-p195@thecwlzone-website-nanoc/gems/nanoc-3.6.4/lib/nanoc/cli/error_handler.rb:70:in `handle_while'
  22. /home/cwl/.rvm/gems/ruby-2.0.0-p195@thecwlzone-website-nanoc/gems/nanoc-3.6.4/lib/nanoc/cli/error_handler.rb:26:in `handle_while'
  23. /home/cwl/.rvm/gems/ruby-2.0.0-p195@thecwlzone-website-nanoc/gems/nanoc-3.6.4/lib/nanoc/cli/command_runner.rb:13:in `call'
  24. /home/cwl/.rvm/gems/ruby-2.0.0-p195@thecwlzone-website-nanoc/gems/cri-2.3.0/lib/cri/command_dsl.rb:185:in `block in runner'
  25. /home/cwl/.rvm/gems/ruby-2.0.0-p195@thecwlzone-website-nanoc/gems/cri-2.3.0/lib/cri/command.rb:296:in `call'
  26. /home/cwl/.rvm/gems/ruby-2.0.0-p195@thecwlzone-website-nanoc/gems/cri-2.3.0/lib/cri/command.rb:296:in `run_this'
  27. /home/cwl/.rvm/gems/ruby-2.0.0-p195@thecwlzone-website-nanoc/gems/cri-2.3.0/lib/cri/command.rb:249:in `run'
  28. /home/cwl/.rvm/gems/ruby-2.0.0-p195@thecwlzone-website-nanoc/gems/cri-2.3.0/lib/cri/command.rb:262:in `run'
  29. /home/cwl/.rvm/gems/ruby-2.0.0-p195@thecwlzone-website-nanoc/gems/nanoc-3.6.4/lib/nanoc/cli.rb:52:in `block in run'
  30. /home/cwl/.rvm/gems/ruby-2.0.0-p195@thecwlzone-website-nanoc/gems/nanoc-3.6.4/lib/nanoc/cli/error_handler.rb:70:in `handle_while'
  31. /home/cwl/.rvm/gems/ruby-2.0.0-p195@thecwlzone-website-nanoc/gems/nanoc-3.6.4/lib/nanoc/cli/error_handler.rb:26:in `handle_while'
  32. /home/cwl/.rvm/gems/ruby-2.0.0-p195@thecwlzone-website-nanoc/gems/nanoc-3.6.4/lib/nanoc/cli.rb:50:in `run'
  33. /home/cwl/.rvm/gems/ruby-2.0.0-p195@thecwlzone-website-nanoc/gems/nanoc-3.6.4/bin/nanoc:19:in `<top (required)>'
  34. /home/cwl/.rvm/gems/ruby-2.0.0-p195@thecwlzone-website-nanoc/bin/nanoc:23:in `load'
  35. /home/cwl/.rvm/gems/ruby-2.0.0-p195@thecwlzone-website-nanoc/bin/nanoc:23:in `<main>'
  36. /home/cwl/.rvm/gems/ruby-2.0.0-p195@thecwlzone-website-nanoc/bin/ruby_noexec_wrapper:14:in `eval'
  ... 39 more lines omitted. See full crash log for details.

===== VERSION INFORMATION:

nanoc 3.6.4 © 2007-2013 Denis Defreyne.
Running ruby 2.0.0 (2013-05-14) on i686-linux with RubyGems 2.0.3.

===== SYSTEM INFORMATION:

Linux localhost.localdomain 3.10.13-101.fc18.i686 #1 SMP Fri Sep 27 21:03:29 UTC 2013 i686 i686 i386 GNU/Linux

===== INSTALLED GEMS:

  adsf 1.1.1
  builder 3.2.2
  bundler 1.3.5
  chronic 0.9.1
  coderay 1.0.9
  colored 1.2
  columnize 0.3.6
  cri 2.3.0
  daemons 1.1.9
  debugger 1.6.0
  debugger-linecache 1.2.0
  debugger-ruby_core_source 1.2.2
  eventmachine 1.0.3
  ffi 1.8.1
  formatador 0.2.4
  git 1.2.5
  guard 1.8.0
  guard-nanoc 1.0.1
  haml 4.0.3
  json 1.8.0
  kramdown 1.0.2
  listen 1.1.5
  lumberjack 1.0.3
  method_source 0.8.1
  nanoc 3.6.4
  nokogiri 1.5.9
  pry 0.9.12.2
  pry-debugger 0.2.2
  rack 1.5.2
  rake 10.0.4
  rb-fsevent 0.9.3
  rb-inotify 0.9.0
  rb-kqueue 0.2.0
  rubypants 0.2.0
  sass 3.2.9
  slop 3.4.5
  systemu 2.5.2
  thin 1.5.1
  thor 0.18.1
  tilt 1.4.1
  w3c_validators 1.2

===== ENVIRONMENT:

BOOT_IMAGE => "/vmlinuz-3.10.13-101.fc18.i686"
BUNDLE_BIN_PATH => "/home/cwl/.rvm/gems/ruby-2.0.0-p195@global/gems/bundler-1.3.5/bin/bundle"
BUNDLE_GEMFILE => "/home/cwl/Sites/thecwlzone-2.0/Gemfile"
CCACHE_HASHDIR => ""
CVS_RSH => "ssh"
DBUS_SESSION_BUS_ADDRESS => "unix:abstract=/tmp/dbus-VrlPKJEYBw,guid=b1aec5934409c0fe69021ceb525359bf"
DESKTOP_SESSION => "LXDE"
DISPLAY => ":0"
GEM_HOME => "/home/cwl/.rvm/gems/ruby-2.0.0-p195@thecwlzone-website-nanoc"
GEM_PATH => "/home/cwl/.rvm/gems/ruby-2.0.0-p195@thecwlzone-website-nanoc:/home/cwl/.rvm/gems/ruby-2.0.0-p195@global"
GNOME_KEYRING_CONTROL => "/home/cwl/.cache/keyring-4h8GpH"
GNOME_KEYRING_PID => "10007"
HISTCONTROL => "ignoredups"
HISTSIZE => "1000"
HOME => "/home/cwl"
HOSTNAME => "localhost.localdomain"
IMSETTINGS_INTEGRATE_DESKTOP => "yes"
IMSETTINGS_MODULE => "none"
IRBRC => "/home/cwl/.rvm/rubies/ruby-2.0.0-p195/.irbrc"
JAVA_HOME => "/usr/java/jdk1.6.0_20;"
LANG => "en_US.UTF-8"
LESSOPEN => "||/usr/bin/lesspipe.sh %s"
LOGNAME => "cwl"
LS_COLORS => "rs=0:di=01;34:ln=01;36:mh=00:pi=40;33:so=01;35:do=01;35:bd=40;33;01:cd=40;33;01:or=40;31;01:mi=01;05;37;41:su=37;41:sg=30;43:ca=30;41:tw=30;42:ow=34;42:st=37;44:ex=01;32:*.tar=01;31:*.tgz=01;31:*.arj=01;31:*.taz=01;31:*.lzh=01;31:*.lzma=01;31:*.tlz=01;31:*.txz=01;31:*.zip=01;31:*.z=01;31:*.Z=01;31:*.dz=01;31:*.gz=01;31:*.lz=01;31:*.xz=01;31:*.bz2=01;31:*.tbz=01;31:*.tbz2=01;31:*.bz=01;31:*.tz=01;31:*.deb=01;31:*.rpm=01;31:*.jar=01;31:*.war=01;31:*.ear=01;31:*.sar=01;31:*.rar=01;31:*.ace=01;31:*.zoo=01;31:*.cpio=01;31:*.7z=01;31:*.rz=01;31:*.jpg=01;35:*.jpeg=01;35:*.gif=01;35:*.bmp=01;35:*.pbm=01;35:*.pgm=01;35:*.ppm=01;35:*.tga=01;35:*.xbm=01;35:*.xpm=01;35:*.tif=01;35:*.tiff=01;35:*.png=01;35:*.svg=01;35:*.svgz=01;35:*.mng=01;35:*.pcx=01;35:*.mov=01;35:*.mpg=01;35:*.mpeg=01;35:*.m2v=01;35:*.mkv=01;35:*.ogm=01;35:*.mp4=01;35:*.m4v=01;35:*.mp4v=01;35:*.vob=01;35:*.qt=01;35:*.nuv=01;35:*.wmv=01;35:*.asf=01;35:*.rm=01;35:*.rmvb=01;35:*.flc=01;35:*.avi=01;35:*.fli=01;35:*.flv=01;35:*.gl=01;35:*.dl=01;35:*.xcf=01;35:*.xwd=01;35:*.yuv=01;35:*.cgm=01;35:*.emf=01;35:*.axv=01;35:*.anx=01;35:*.ogv=01;35:*.ogx=01;35:*.aac=01;36:*.au=01;36:*.flac=01;36:*.mid=01;36:*.midi=01;36:*.mka=01;36:*.mp3=01;36:*.mpc=01;36:*.ogg=01;36:*.ra=01;36:*.wav=01;36:*.axa=01;36:*.oga=01;36:*.spx=01;36:*.xspf=01;36:"
MAIL => "/var/spool/mail/cwl"
MANPATH => "/home/cwl/.rvm/gems/ruby-2.0.0-p195@thecwlzone-website-nanoc/gems/kramdown-1.0.2/man"
MY_RUBY_HOME => "/home/cwl/.rvm/rubies/ruby-2.0.0-p195"
OLDPWD => "/home/cwl/Sites/thecwlzone"
PATH => "/home/cwl/.rvm/gems/ruby-2.0.0-p195@thecwlzone-website-nanoc/bin:/home/cwl/.rvm/gems/ruby-2.0.0-p195@global/bin:/home/cwl/.rvm/rubies/ruby-2.0.0-p195/bin:/home/cwl/.rvm/bin:/usr/lib/qt-3.3/bin:/usr/lib/ccache:/usr/local/bin:/bin:/usr/bin:/usr/local/sbin:/usr/sbin:/sbin:/home/cwl/bin:/home/cwl/apps/mongodb-linux-i686-1.6.5/bin"
PREFERRED => "/usr/bin/startlxde"
PWD => "/home/cwl/Sites/thecwlzone-2.0"
QTDIR => "/usr/lib/qt-3.3"
QTINC => "/usr/lib/qt-3.3/include"
QTLIB => "/usr/lib/qt-3.3/lib"
QT_GRAPHICSSYSTEM_CHECKED => "1"
QT_IM_MODULE => "xim"
RUBYOPT => "-I/home/cwl/.rvm/gems/ruby-2.0.0-p195@global/gems/bundler-1.3.5/lib -rbundler/setup"
RUBY_VERSION => "ruby-2.0.0-p195"
SAL_USE_VCLPLUGIN => "gtk"
SHELL => "/bin/bash"
SHLVL => "2"
SSH_ASKPASS => "/usr/libexec/openssh/gnome-ssh-askpass"
TERM => "xterm"
USER => "cwl"
XAUTHORITY => "/home/cwl/.Xauthority"
XDG_CONFIG_HOME => "/home/cwl/.config"
XDG_CURRENT_DESKTOP => "LXDE"
XDG_MENU_PREFIX => "lxde-"
XDG_RUNTIME_DIR => "/run/user/1000"
XDG_SEAT => "seat0"
XDG_SESSION_ID => "1"
XDG_VTNR => "1"
XMODIFIERS => "@im=none"
_ => "/home/cwl/.rvm/gems/ruby-2.0.0-p195@thecwlzone-website-nanoc/bin/nanoc"
_LXSESSION_PID => "10010"
_ORIGINAL_GEM_PATH => "/home/cwl/.rvm/gems/ruby-2.0.0-p195@thecwlzone-website-nanoc:/home/cwl/.rvm/gems/ruby-2.0.0-p195@global"
rvm_bin_path => "/home/cwl/.rvm/bin"
rvm_path => "/home/cwl/.rvm"
rvm_prefix => "/home/cwl"
rvm_version => "1.20.12 (stable)"

===== GEMFILE.LOCK:

GEM
  remote: https://rubygems.org/
  specs:
    adsf (1.1.1)
      rack (>= 1.0.0)
    builder (3.2.2)
    chronic (0.9.1)
    coderay (1.0.9)
    colored (1.2)
    columnize (0.3.6)
    cri (2.3.0)
      colored (>= 1.2)
    daemons (1.1.9)
    debugger (1.6.0)
      columnize (>= 0.3.1)
      debugger-linecache (~> 1.2.0)
      debugger-ruby_core_source (~> 1.2.1)
    debugger-linecache (1.2.0)
    debugger-ruby_core_source (1.2.2)
    eventmachine (1.0.3)
    ffi (1.8.1)
    formatador (0.2.4)
    git (1.2.5)
    guard (1.8.0)
      formatador (>= 0.2.4)
      listen (>= 1.0.0)
      lumberjack (>= 1.0.2)
      pry (>= 0.9.10)
      thor (>= 0.14.6)
    guard-nanoc (1.0.1)
      guard (>= 1.8.0)
      nanoc (>= 3.6.3)
    haml (4.0.3)
      tilt
    json (1.8.0)
    kramdown (1.0.2)
    listen (1.1.5)
      rb-fsevent (>= 0.9.3)
      rb-inotify (>= 0.9)
      rb-kqueue (>= 0.2)
    lumberjack (1.0.3)
    method_source (0.8.1)
    nanoc (3.6.4)
      cri (~> 2.3)
    nokogiri (1.5.9)
    pry (0.9.12.2)
      coderay (~> 1.0.5)
      method_source (~> 0.8)
      slop (~> 3.4)
    pry-debugger (0.2.2)
      debugger (~> 1.3)
      pry (~> 0.9.10)
    rack (1.5.2)
    rake (10.0.4)
    rb-fsevent (0.9.3)
    rb-inotify (0.9.0)
      ffi (>= 0.5.0)
    rb-kqueue (0.2.0)
      ffi (>= 0.5.0)
    rubypants (0.2.0)
    sass (3.2.9)
    slop (3.4.5)
    systemu (2.5.2)
    thin (1.5.1)
      daemons (>= 1.0.9)
      eventmachine (>= 0.12.6)
      rack (>= 1.0.0)
    thor (0.18.1)
    tilt (1.4.1)
    w3c_validators (1.2)
      json
      nokogiri

PLATFORMS
  ruby

DEPENDENCIES
  adsf
  builder
  chronic
  git
  guard-nanoc
  haml
  kramdown
  nanoc (>= 3.6.0)
  nokogiri
  pry
  pry-debugger
  rake
  rubypants
  sass
  systemu
  thin
  w3c_validators

===== LOAD PATHS:

  0. /home/cwl/.rvm/gems/ruby-2.0.0-p195@thecwlzone-website-nanoc/gems/nanoc-3.6.4/lib
  1. /home/cwl/.rvm/gems/ruby-2.0.0-p195@thecwlzone-website-nanoc/gems/w3c_validators-1.2/lib
  2. /home/cwl/.rvm/gems/ruby-2.0.0-p195@thecwlzone-website-nanoc/gems/thin-1.5.1/lib
  3. /home/cwl/.rvm/gems/ruby-2.0.0-p195@thecwlzone-website-nanoc/gems/systemu-2.5.2/lib
  4. /home/cwl/.rvm/gems/ruby-2.0.0-p195@thecwlzone-website-nanoc/gems/sass-3.2.9/lib
  5. /home/cwl/.rvm/gems/ruby-2.0.0-p195@thecwlzone-website-nanoc/gems/rubypants-0.2.0/.
  6. /home/cwl/.rvm/gems/ruby-2.0.0-p195@thecwlzone-website-nanoc/gems/pry-debugger-0.2.2/lib
  7. /home/cwl/.rvm/gems/ruby-2.0.0-p195@thecwlzone-website-nanoc/gems/nokogiri-1.5.9/lib
  8. /home/cwl/.rvm/gems/ruby-2.0.0-p195@thecwlzone-website-nanoc/gems/kramdown-1.0.2/lib
  9. /home/cwl/.rvm/gems/ruby-2.0.0-p195@thecwlzone-website-nanoc/gems/json-1.8.0/lib
  10. /home/cwl/.rvm/gems/ruby-2.0.0-p195@thecwlzone-website-nanoc/gems/haml-4.0.3/lib
  11. /home/cwl/.rvm/gems/ruby-2.0.0-p195@thecwlzone-website-nanoc/gems/tilt-1.4.1/lib
  12. /home/cwl/.rvm/gems/ruby-2.0.0-p195@thecwlzone-website-nanoc/gems/guard-nanoc-1.0.1/lib
  13. /home/cwl/.rvm/gems/ruby-2.0.0-p195@thecwlzone-website-nanoc/gems/nanoc-3.6.4/lib
  14. /home/cwl/.rvm/gems/ruby-2.0.0-p195@thecwlzone-website-nanoc/gems/guard-1.8.0/lib
  15. /home/cwl/.rvm/gems/ruby-2.0.0-p195@thecwlzone-website-nanoc/gems/thor-0.18.1/lib
  16. /home/cwl/.rvm/gems/ruby-2.0.0-p195@thecwlzone-website-nanoc/gems/pry-0.9.12.2/lib
  17. /home/cwl/.rvm/gems/ruby-2.0.0-p195@thecwlzone-website-nanoc/gems/slop-3.4.5/lib
  18. /home/cwl/.rvm/gems/ruby-2.0.0-p195@thecwlzone-website-nanoc/gems/method_source-0.8.1/lib
  19. /home/cwl/.rvm/gems/ruby-2.0.0-p195@thecwlzone-website-nanoc/gems/lumberjack-1.0.3/lib
  20. /home/cwl/.rvm/gems/ruby-2.0.0-p195@thecwlzone-website-nanoc/gems/listen-1.1.5/lib
  21. /home/cwl/.rvm/gems/ruby-2.0.0-p195@thecwlzone-website-nanoc/gems/rb-kqueue-0.2.0/lib
  22. /home/cwl/.rvm/gems/ruby-2.0.0-p195@thecwlzone-website-nanoc/gems/rb-inotify-0.9.0/lib
  23. /home/cwl/.rvm/gems/ruby-2.0.0-p195@thecwlzone-website-nanoc/gems/rb-fsevent-0.9.3/lib
  24. /home/cwl/.rvm/gems/ruby-2.0.0-p195@thecwlzone-website-nanoc/gems/git-1.2.5/lib
  25. /home/cwl/.rvm/gems/ruby-2.0.0-p195@thecwlzone-website-nanoc/gems/formatador-0.2.4/lib
  26. /home/cwl/.rvm/gems/ruby-2.0.0-p195@thecwlzone-website-nanoc/gems/ffi-1.8.1/lib
  27. /home/cwl/.rvm/gems/ruby-2.0.0-p195@thecwlzone-website-nanoc/gems/ffi-1.8.1/ext/ffi_c
  28. /home/cwl/.rvm/gems/ruby-2.0.0-p195@thecwlzone-website-nanoc/gems/eventmachine-1.0.3/lib
  29. /home/cwl/.rvm/gems/ruby-2.0.0-p195@thecwlzone-website-nanoc/gems/debugger-1.6.0/lib
  30. /home/cwl/.rvm/gems/ruby-2.0.0-p195@thecwlzone-website-nanoc/gems/debugger-ruby_core_source-1.2.2/lib
  31. /home/cwl/.rvm/gems/ruby-2.0.0-p195@thecwlzone-website-nanoc/gems/debugger-linecache-1.2.0/lib
  32. /home/cwl/.rvm/gems/ruby-2.0.0-p195@thecwlzone-website-nanoc/gems/daemons-1.1.9/lib
  33. /home/cwl/.rvm/gems/ruby-2.0.0-p195@thecwlzone-website-nanoc/gems/cri-2.3.0/lib
  34. /home/cwl/.rvm/gems/ruby-2.0.0-p195@thecwlzone-website-nanoc/gems/columnize-0.3.6/lib
  35. /home/cwl/.rvm/gems/ruby-2.0.0-p195@thecwlzone-website-nanoc/gems/colored-1.2/lib
  36. /home/cwl/.rvm/gems/ruby-2.0.0-p195@thecwlzone-website-nanoc/gems/coderay-1.0.9/lib
  37. /home/cwl/.rvm/gems/ruby-2.0.0-p195@thecwlzone-website-nanoc/gems/chronic-0.9.1/lib
  38. /home/cwl/.rvm/gems/ruby-2.0.0-p195@thecwlzone-website-nanoc/gems/builder-3.2.2/lib
  39. /home/cwl/.rvm/gems/ruby-2.0.0-p195@thecwlzone-website-nanoc/gems/adsf-1.1.1/lib
  40. /home/cwl/.rvm/gems/ruby-2.0.0-p195@thecwlzone-website-nanoc/gems/rack-1.5.2/lib
  41. /home/cwl/.rvm/gems/ruby-2.0.0-p195@global/gems/rake-10.0.4/lib
  42. /home/cwl/.rvm/gems/ruby-2.0.0-p195@global/gems/bundler-1.3.5/lib
  43. /home/cwl/.rvm/rubies/ruby-2.0.0-p195/lib/ruby/site_ruby/2.0.0
  44. /home/cwl/.rvm/rubies/ruby-2.0.0-p195/lib/ruby/site_ruby/2.0.0/i686-linux
  45. /home/cwl/.rvm/rubies/ruby-2.0.0-p195/lib/ruby/site_ruby
  46. /home/cwl/.rvm/rubies/ruby-2.0.0-p195/lib/ruby/vendor_ruby/2.0.0
  47. /home/cwl/.rvm/rubies/ruby-2.0.0-p195/lib/ruby/vendor_ruby/2.0.0/i686-linux
  48. /home/cwl/.rvm/rubies/ruby-2.0.0-p195/lib/ruby/vendor_ruby
  49. /home/cwl/.rvm/rubies/ruby-2.0.0-p195/lib/ruby/2.0.0
  50. /home/cwl/.rvm/rubies/ruby-2.0.0-p195/lib/ruby/2.0.0/i686-linux
